23-07-21 07:19:23 error The `uri` parameter to `openUri()` must be a string, got "undefined". Make sure the first parameter to `mongoose.connect()` or `mongoose.createConnection()` is a string.
23-07-21 07:19:23 info > Listening on port 5000
23-07-21 07:25:00 error The `uri` parameter to `openUri()` must be a string, got "undefined". Make sure the first parameter to `mongoose.connect()` or `mongoose.createConnection()` is a string.
23-07-21 07:25:00 info > Listening on port 5000
23-07-21 07:27:14 error The `uri` parameter to `openUri()` must be a string, got "undefined". Make sure the first parameter to `mongoose.connect()` or `mongoose.createConnection()` is a string.
23-07-21 07:27:14 info > Listening on port 5000
23-07-21 07:27:51 info > Listening on port 5000
23-07-21 07:28:28 error The `uri` parameter to `openUri()` must be a string, got "undefined". Make sure the first parameter to `mongoose.connect()` or `mongoose.createConnection()` is a string.
23-07-21 07:28:28 info > Listening on port 5000
23-07-21 07:29:32 info > Listening on port 5000
23-07-21 07:30:11 info > Listening on port 5000
23-07-21 07:30:59 info > Listening on port 5000
23-07-21 07:34:21 info > Listening on port 5000
23-07-21 07:35:11 info > Listening on port 5000
23-07-21 07:35:41 info > Listening on port 5000
23-07-21 07:36:29 info > Listening on port 5000
23-07-21 18:00:25 info > Listening on port 5000
23-07-21 18:02:02 info > Listening on port 5000
23-07-21 18:02:32 error connect ECONNREFUSED 127.0.0.1:27017
23-07-21 18:03:11 info > Listening on port 5000
23-07-21 18:03:41 error connect ECONNREFUSED 127.0.0.1:27017
23-07-21 18:04:56 info > Listening on port 5000
23-07-21 18:04:56 error Database cennected!!!
23-07-21 18:05:19 info > Listening on port 5000
23-07-21 18:05:19 info Database cennected!!!
23-07-21 18:37:07 info > Listening on port 5000
23-07-21 18:37:07 info Database cennected!!!
23-07-21 18:42:16 info > Listening on port 5000
23-07-21 18:42:16 info Database cennected!!!
23-07-21 19:00:28 info > Listening on port 5000
23-07-21 19:00:28 info Database cennected!!!
23-07-21 19:14:26 error uncaughtException: listen EADDRINUSE: address already in use :::5000
Error: listen EADDRINUSE: address already in use :::5000
    at Server.setupListenHandle [as _listen2] (net.js:1320:16)
    at listenInCluster (net.js:1368:12)
    at Server.listen (net.js:1454:7)
    at Function.listen (/home/hiepdh/Hiep/Node/project/timesheet-nodejs/backend/node_modules/express/lib/application.js:618:24)
    at /home/hiepdh/Hiep/Node/project/timesheet-nodejs/backend/dist/app.js:24:29
    at Application.start (/home/hiepdh/Hiep/Node/project/timesheet-nodejs/backend/dist/app.js:26:11)
    at /home/hiepdh/Hiep/Node/project/timesheet-nodejs/backend/dist/index.js:18:21
    at Generator.next (<anonymous>)
    at fulfilled (/home/hiepdh/Hiep/Node/project/timesheet-nodejs/backend/dist/index.js:5:58)
    at processTicksAndRejections (internal/process/task_queues.js:95:5)
23-07-21 19:14:26 info Database cennected!!!
23-07-21 19:16:14 error uncaughtException: listen EADDRINUSE: address already in use :::5000
Error: listen EADDRINUSE: address already in use :::5000
    at Server.setupListenHandle [as _listen2] (net.js:1320:16)
    at listenInCluster (net.js:1368:12)
    at Server.listen (net.js:1454:7)
    at Function.listen (/home/hiepdh/Hiep/Node/project/timesheet-nodejs/backend/node_modules/express/lib/application.js:618:24)
    at /home/hiepdh/Hiep/Node/project/timesheet-nodejs/backend/dist/app.js:24:29
    at Application.start (/home/hiepdh/Hiep/Node/project/timesheet-nodejs/backend/dist/app.js:26:11)
    at /home/hiepdh/Hiep/Node/project/timesheet-nodejs/backend/dist/index.js:18:21
    at Generator.next (<anonymous>)
    at fulfilled (/home/hiepdh/Hiep/Node/project/timesheet-nodejs/backend/dist/index.js:5:58)
    at processTicksAndRejections (internal/process/task_queues.js:95:5)
23-07-21 19:16:14 info Database cennected!!!
23-07-21 19:44:00 info > Listening on port 5000
23-07-21 19:44:00 info Database cennected!!!
23-07-21 19:53:19 info > Listening on port 5000
23-07-21 19:53:43 info Database cennected!!!
23-07-21 19:57:20 info > Listening on port 5000
23-07-21 19:57:20 info Database cennected!!!
23-07-21 20:10:08 info > Listening on port 5000
23-07-21 20:10:08 info Database cennected!!!
23-07-21 20:11:04 info > Listening on port 5000
23-07-21 20:11:04 info Database cennected!!!
23-07-21 20:13:21 info > Listening on port 5000
23-07-21 20:13:21 info Database cennected!!!
23-07-21 20:13:46 info > Listening on port 5000
23-07-21 20:13:46 info Database cennected!!!
23-07-21 20:28:12 info > Listening on port 5000
23-07-21 20:28:12 info Database cennected!!!
23-07-21 20:40:40 info > Listening on port 5000
23-07-21 20:40:40 info Database cennected!!!
23-07-21 20:41:54 info > Listening on port 5000
23-07-21 20:41:54 info Database cennected!!!
23-07-21 20:42:36 info > Listening on port 5000
23-07-21 20:42:36 info Database cennected!!!
23-07-21 20:50:01 info > Listening on port 5000
23-07-21 20:50:01 info Database cennected!!!
23-07-21 20:55:35 info > Listening on port 5000
23-07-21 20:55:35 info Database cennected!!!
23-07-21 20:55:59 info > Listening on port 5000
23-07-21 20:55:59 info Database cennected!!!
23-07-21 20:56:34 info > Listening on port 5000
23-07-21 20:56:34 info Database cennected!!!
23-07-21 20:57:20 info > Listening on port 5000
23-07-21 20:57:20 info Database cennected!!!
23-07-21 20:57:27 info > Listening on port 5000
23-07-21 20:57:27 info Database cennected!!!
23-07-21 20:57:36 info > Listening on port 5000
23-07-21 20:57:36 info Database cennected!!!
23-07-21 20:57:40 info > Listening on port 5000
23-07-21 20:57:40 info Database cennected!!!
23-07-21 20:57:43 info > Listening on port 5000
23-07-21 20:57:43 info Database cennected!!!
23-07-21 20:58:53 info > Listening on port 5000
23-07-21 20:58:53 info Database cennected!!!
23-07-21 21:01:22 info > Listening on port 5000
23-07-21 21:01:22 info Database cennected!!!
23-07-21 21:07:50 info > Listening on port 5000
23-07-21 21:07:50 info Database cennected!!!
23-07-21 21:08:32 info > Listening on port 5000
23-07-21 21:08:32 info Database cennected!!!
23-07-21 21:12:08 info > Listening on port 5000!!
23-07-21 21:12:08 info Database cennected!!!
23-07-21 21:13:47 info > Listening on port 5000!!
23-07-21 21:13:47 info Database cennected!!!
23-07-21 21:13:51 info > Listening on port 5000!!
23-07-21 21:13:51 info Database cennected!!!
23-07-21 21:13:53 info > Listening on port 5000!!
23-07-21 21:13:53 info Database cennected!!!
23-07-21 21:14:01 info > Listening on port 5000!!
23-07-21 21:14:01 info Database cennected!!!
23-07-21 21:14:10 info > Listening on port 5000!!
23-07-21 21:14:10 info Database cennected!!!
23-07-21 21:14:31 info > Listening on port 5000!!
23-07-21 21:14:31 info Database cennected!!!
23-07-21 21:14:33 info > Listening on port 5000!!
23-07-21 21:14:33 info Database cennected!!!
23-07-21 21:14:38 info > Listening on port 5000!!
23-07-21 21:14:38 info Database cennected!!!
23-07-21 21:14:41 info > Listening on port 5000!!
23-07-21 21:14:41 info Database cennected!!!
23-07-21 21:15:12 error uncaughtException: listen EADDRINUSE: address already in use :::5000
Error: listen EADDRINUSE: address already in use :::5000
    at Server.setupListenHandle [as _listen2] (net.js:1320:16)
    at listenInCluster (net.js:1368:12)
    at Server.listen (net.js:1454:7)
    at Function.listen (/home/hiepdh/Hiep/Node/project/timesheet-nodejs/backend/node_modules/express/lib/application.js:618:24)
    at /home/hiepdh/Hiep/Node/project/timesheet-nodejs/backend/dist/app.js:24:29
    at Application.start (/home/hiepdh/Hiep/Node/project/timesheet-nodejs/backend/dist/app.js:26:11)
    at /home/hiepdh/Hiep/Node/project/timesheet-nodejs/backend/dist/index.js:18:21
    at Generator.next (<anonymous>)
    at fulfilled (/home/hiepdh/Hiep/Node/project/timesheet-nodejs/backend/dist/index.js:5:58)
    at processTicksAndRejections (internal/process/task_queues.js:95:5)
23-07-21 21:15:12 info Database cennected!!!
23-07-21 21:15:56 error uncaughtException: listen EADDRINUSE: address already in use :::5000
Error: listen EADDRINUSE: address already in use :::5000
    at Server.setupListenHandle [as _listen2] (net.js:1320:16)
    at listenInCluster (net.js:1368:12)
    at Server.listen (net.js:1454:7)
    at Function.listen (/home/hiepdh/Hiep/Node/project/timesheet-nodejs/backend/node_modules/express/lib/application.js:618:24)
    at /home/hiepdh/Hiep/Node/project/timesheet-nodejs/backend/dist/app.js:24:29
    at Application.start (/home/hiepdh/Hiep/Node/project/timesheet-nodejs/backend/dist/app.js:26:11)
    at /home/hiepdh/Hiep/Node/project/timesheet-nodejs/backend/dist/index.js:18:21
    at Generator.next (<anonymous>)
    at fulfilled (/home/hiepdh/Hiep/Node/project/timesheet-nodejs/backend/dist/index.js:5:58)
    at processTicksAndRejections (internal/process/task_queues.js:95:5)
23-07-21 21:15:56 info Database cennected!!!
23-07-21 21:15:58 error uncaughtException: listen EADDRINUSE: address already in use :::5000
Error: listen EADDRINUSE: address already in use :::5000
    at Server.setupListenHandle [as _listen2] (net.js:1320:16)
    at listenInCluster (net.js:1368:12)
    at Server.listen (net.js:1454:7)
    at Function.listen (/home/hiepdh/Hiep/Node/project/timesheet-nodejs/backend/node_modules/express/lib/application.js:618:24)
    at /home/hiepdh/Hiep/Node/project/timesheet-nodejs/backend/dist/app.js:24:29
    at Application.start (/home/hiepdh/Hiep/Node/project/timesheet-nodejs/backend/dist/app.js:26:11)
    at /home/hiepdh/Hiep/Node/project/timesheet-nodejs/backend/dist/index.js:18:21
    at Generator.next (<anonymous>)
    at fulfilled (/home/hiepdh/Hiep/Node/project/timesheet-nodejs/backend/dist/index.js:5:58)
    at processTicksAndRejections (internal/process/task_queues.js:95:5)
23-07-21 21:15:58 info Database cennected!!!
23-07-21 21:16:05 error uncaughtException: listen EADDRINUSE: address already in use :::5000
Error: listen EADDRINUSE: address already in use :::5000
    at Server.setupListenHandle [as _listen2] (net.js:1320:16)
    at listenInCluster (net.js:1368:12)
    at Server.listen (net.js:1454:7)
    at Function.listen (/home/hiepdh/Hiep/Node/project/timesheet-nodejs/backend/node_modules/express/lib/application.js:618:24)
    at /home/hiepdh/Hiep/Node/project/timesheet-nodejs/backend/dist/app.js:24:29
    at Application.start (/home/hiepdh/Hiep/Node/project/timesheet-nodejs/backend/dist/app.js:26:11)
    at /home/hiepdh/Hiep/Node/project/timesheet-nodejs/backend/dist/index.js:18:21
    at Generator.next (<anonymous>)
    at fulfilled (/home/hiepdh/Hiep/Node/project/timesheet-nodejs/backend/dist/index.js:5:58)
    at processTicksAndRejections (internal/process/task_queues.js:95:5)
23-07-21 21:16:05 info Database cennected!!!
23-07-21 21:16:23 error uncaughtException: listen EADDRINUSE: address already in use :::5000
Error: listen EADDRINUSE: address already in use :::5000
    at Server.setupListenHandle [as _listen2] (net.js:1320:16)
    at listenInCluster (net.js:1368:12)
    at Server.listen (net.js:1454:7)
    at Function.listen (/home/hiepdh/Hiep/Node/project/timesheet-nodejs/backend/node_modules/express/lib/application.js:618:24)
    at /home/hiepdh/Hiep/Node/project/timesheet-nodejs/backend/dist/app.js:24:29
    at Application.start (/home/hiepdh/Hiep/Node/project/timesheet-nodejs/backend/dist/app.js:26:11)
    at /home/hiepdh/Hiep/Node/project/timesheet-nodejs/backend/dist/index.js:18:21
    at Generator.next (<anonymous>)
    at fulfilled (/home/hiepdh/Hiep/Node/project/timesheet-nodejs/backend/dist/index.js:5:58)
    at processTicksAndRejections (internal/process/task_queues.js:95:5)
23-07-21 21:16:23 info Database cennected!!!
23-07-21 21:17:17 error uncaughtException: listen EADDRINUSE: address already in use :::5000
Error: listen EADDRINUSE: address already in use :::5000
    at Server.setupListenHandle [as _listen2] (net.js:1320:16)
    at listenInCluster (net.js:1368:12)
    at Server.listen (net.js:1454:7)
    at Function.listen (/home/hiepdh/Hiep/Node/project/timesheet-nodejs/backend/node_modules/express/lib/application.js:618:24)
    at /home/hiepdh/Hiep/Node/project/timesheet-nodejs/backend/dist/app.js:24:29
    at Application.start (/home/hiepdh/Hiep/Node/project/timesheet-nodejs/backend/dist/app.js:26:11)
    at /home/hiepdh/Hiep/Node/project/timesheet-nodejs/backend/dist/index.js:18:21
    at Generator.next (<anonymous>)
    at fulfilled (/home/hiepdh/Hiep/Node/project/timesheet-nodejs/backend/dist/index.js:5:58)
    at processTicksAndRejections (internal/process/task_queues.js:95:5)
23-07-21 21:17:17 info Database cennected!!!
23-07-21 21:17:46 info > Listening on port 5000!!
23-07-21 21:17:46 info Database cennected!!!
23-07-21 21:17:46 error uncaughtException: listen EADDRINUSE: address already in use :::5000
Error: listen EADDRINUSE: address already in use :::5000
    at Server.setupListenHandle [as _listen2] (net.js:1320:16)
    at listenInCluster (net.js:1368:12)
    at Server.listen (net.js:1454:7)
    at Function.listen (/home/hiepdh/Hiep/Node/project/timesheet-nodejs/backend/node_modules/express/lib/application.js:618:24)
    at /home/hiepdh/Hiep/Node/project/timesheet-nodejs/backend/dist/app.js:24:29
    at Application.start (/home/hiepdh/Hiep/Node/project/timesheet-nodejs/backend/dist/app.js:26:11)
    at /home/hiepdh/Hiep/Node/project/timesheet-nodejs/backend/dist/index.js:18:21
    at Generator.next (<anonymous>)
    at fulfilled (/home/hiepdh/Hiep/Node/project/timesheet-nodejs/backend/dist/index.js:5:58)
    at processTicksAndRejections (internal/process/task_queues.js:95:5)
23-07-21 21:17:46 info Database cennected!!!
23-07-21 21:18:32 info > Listening on port 5000!!
23-07-21 21:18:32 info Database cennected!!!
23-07-21 21:18:32 error uncaughtException: listen EADDRINUSE: address already in use :::5000
Error: listen EADDRINUSE: address already in use :::5000
    at Server.setupListenHandle [as _listen2] (net.js:1320:16)
    at listenInCluster (net.js:1368:12)
    at Server.listen (net.js:1454:7)
    at Function.listen (/home/hiepdh/Hiep/Node/project/timesheet-nodejs/backend/node_modules/express/lib/application.js:618:24)
    at /home/hiepdh/Hiep/Node/project/timesheet-nodejs/backend/dist/app.js:24:29
    at Application.start (/home/hiepdh/Hiep/Node/project/timesheet-nodejs/backend/dist/app.js:26:11)
    at /home/hiepdh/Hiep/Node/project/timesheet-nodejs/backend/dist/index.js:18:21
    at Generator.next (<anonymous>)
    at fulfilled (/home/hiepdh/Hiep/Node/project/timesheet-nodejs/backend/dist/index.js:5:58)
    at processTicksAndRejections (internal/process/task_queues.js:95:5)
23-07-21 21:18:32 info Database cennected!!!
23-07-21 21:18:32 error uncaughtException: listen EADDRINUSE: address already in use :::5000
Error: listen EADDRINUSE: address already in use :::5000
    at Server.setupListenHandle [as _listen2] (net.js:1320:16)
    at listenInCluster (net.js:1368:12)
    at Server.listen (net.js:1454:7)
    at Function.listen (/home/hiepdh/Hiep/Node/project/timesheet-nodejs/backend/node_modules/express/lib/application.js:618:24)
    at /home/hiepdh/Hiep/Node/project/timesheet-nodejs/backend/dist/app.js:24:29
    at Application.start (/home/hiepdh/Hiep/Node/project/timesheet-nodejs/backend/dist/app.js:26:11)
    at /home/hiepdh/Hiep/Node/project/timesheet-nodejs/backend/dist/index.js:18:21
    at Generator.next (<anonymous>)
    at fulfilled (/home/hiepdh/Hiep/Node/project/timesheet-nodejs/backend/dist/index.js:5:58)
    at processTicksAndRejections (internal/process/task_queues.js:95:5)
23-07-21 21:18:32 info Database cennected!!!
23-07-21 21:20:18 info > Listening on port 5000!!
23-07-21 21:20:18 info Database cennected!!!
23-07-21 21:20:18 error uncaughtException: listen EADDRINUSE: address already in use :::5000
Error: listen EADDRINUSE: address already in use :::5000
    at Server.setupListenHandle [as _listen2] (net.js:1320:16)
    at listenInCluster (net.js:1368:12)
    at Server.listen (net.js:1454:7)
    at Function.listen (/home/hiepdh/Hiep/Node/project/timesheet-nodejs/backend/node_modules/express/lib/application.js:618:24)
    at /home/hiepdh/Hiep/Node/project/timesheet-nodejs/backend/dist/app.js:24:29
    at Application.start (/home/hiepdh/Hiep/Node/project/timesheet-nodejs/backend/dist/app.js:26:11)
    at /home/hiepdh/Hiep/Node/project/timesheet-nodejs/backend/dist/index.js:18:21
    at Generator.next (<anonymous>)
    at fulfilled (/home/hiepdh/Hiep/Node/project/timesheet-nodejs/backend/dist/index.js:5:58)
    at processTicksAndRejections (internal/process/task_queues.js:95:5)
23-07-21 21:20:18 error uncaughtException: listen EADDRINUSE: address already in use :::5000
Error: listen EADDRINUSE: address already in use :::5000
    at Server.setupListenHandle [as _listen2] (net.js:1320:16)
    at listenInCluster (net.js:1368:12)
    at Server.listen (net.js:1454:7)
    at Function.listen (/home/hiepdh/Hiep/Node/project/timesheet-nodejs/backend/node_modules/express/lib/application.js:618:24)
    at /home/hiepdh/Hiep/Node/project/timesheet-nodejs/backend/dist/app.js:24:29
    at Application.start (/home/hiepdh/Hiep/Node/project/timesheet-nodejs/backend/dist/app.js:26:11)
    at /home/hiepdh/Hiep/Node/project/timesheet-nodejs/backend/dist/index.js:18:21
    at Generator.next (<anonymous>)
    at fulfilled (/home/hiepdh/Hiep/Node/project/timesheet-nodejs/backend/dist/index.js:5:58)
    at processTicksAndRejections (internal/process/task_queues.js:95:5)
23-07-21 21:20:18 info Database cennected!!!
23-07-21 21:20:18 info Database cennected!!!
23-07-21 21:20:52 info > Listening on port 5000!!
23-07-21 21:20:52 info Database cennected!!!
23-07-21 21:20:52 error uncaughtException: listen EADDRINUSE: address already in use :::5000
Error: listen EADDRINUSE: address already in use :::5000
    at Server.setupListenHandle [as _listen2] (net.js:1320:16)
    at listenInCluster (net.js:1368:12)
    at Server.listen (net.js:1454:7)
    at Function.listen (/home/hiepdh/Hiep/Node/project/timesheet-nodejs/backend/node_modules/express/lib/application.js:618:24)
    at /home/hiepdh/Hiep/Node/project/timesheet-nodejs/backend/dist/app.js:24:29
    at Application.start (/home/hiepdh/Hiep/Node/project/timesheet-nodejs/backend/dist/app.js:26:11)
    at /home/hiepdh/Hiep/Node/project/timesheet-nodejs/backend/dist/index.js:18:21
    at Generator.next (<anonymous>)
    at fulfilled (/home/hiepdh/Hiep/Node/project/timesheet-nodejs/backend/dist/index.js:5:58)
    at processTicksAndRejections (internal/process/task_queues.js:95:5)
23-07-21 21:20:52 info Database cennected!!!
23-07-21 21:20:52 error uncaughtException: listen EADDRINUSE: address already in use :::5000
Error: listen EADDRINUSE: address already in use :::5000
    at Server.setupListenHandle [as _listen2] (net.js:1320:16)
    at listenInCluster (net.js:1368:12)
    at Server.listen (net.js:1454:7)
    at Function.listen (/home/hiepdh/Hiep/Node/project/timesheet-nodejs/backend/node_modules/express/lib/application.js:618:24)
    at /home/hiepdh/Hiep/Node/project/timesheet-nodejs/backend/dist/app.js:24:29
    at Application.start (/home/hiepdh/Hiep/Node/project/timesheet-nodejs/backend/dist/app.js:26:11)
    at /home/hiepdh/Hiep/Node/project/timesheet-nodejs/backend/dist/index.js:18:21
    at Generator.next (<anonymous>)
    at fulfilled (/home/hiepdh/Hiep/Node/project/timesheet-nodejs/backend/dist/index.js:5:58)
    at processTicksAndRejections (internal/process/task_queues.js:95:5)
23-07-21 21:20:52 info Database cennected!!!
23-07-21 21:22:29 error uncaughtException: EIO: i/o error, write
Error: EIO: i/o error, write
    at writeSync (fs.js:733:3)
    at SyncWriteStream._write (internal/fs/sync_write_stream.js:24:3)
    at writeOrBuffer (internal/streams/writable.js:358:12)
    at SyncWriteStream.Writable.write (internal/streams/writable.js:303:10)
    at Console.log (/home/hiepdh/Hiep/Node/project/timesheet-nodejs/backend/node_modules/winston/lib/winston/transports/console.js:79:23)
    at Console._write (/home/hiepdh/Hiep/Node/project/timesheet-nodejs/backend/node_modules/winston-transport/index.js:103:17)
    at doWrite (/home/hiepdh/Hiep/Node/project/timesheet-nodejs/backend/node_modules/readable-stream/lib/_stream_writable.js:428:64)
    at writeOrBuffer (/home/hiepdh/Hiep/Node/project/timesheet-nodejs/backend/node_modules/readable-stream/lib/_stream_writable.js:417:5)
    at Console.Writable.write (/home/hiepdh/Hiep/Node/project/timesheet-nodejs/backend/node_modules/readable-stream/lib/_stream_writable.js:334:11)
    at DerivedLogger.ondata (/home/hiepdh/Hiep/Node/project/timesheet-nodejs/backend/node_modules/winston/node_modules/readable-stream/lib/_stream_readable.js:681:20)
    at DerivedLogger.emit (events.js:387:35)
    at addChunk (/home/hiepdh/Hiep/Node/project/timesheet-nodejs/backend/node_modules/winston/node_modules/readable-stream/lib/_stream_readable.js:298:12)
    at readableAddChunk (/home/hiepdh/Hiep/Node/project/timesheet-nodejs/backend/node_modules/winston/node_modules/readable-stream/lib/_stream_readable.js:280:11)
    at DerivedLogger.Readable.push (/home/hiepdh/Hiep/Node/project/timesheet-nodejs/backend/node_modules/winston/node_modules/readable-stream/lib/_stream_readable.js:241:10)
    at DerivedLogger.Transform.push (/home/hiepdh/Hiep/Node/project/timesheet-nodejs/backend/node_modules/winston/node_modules/readable-stream/lib/_stream_transform.js:139:32)
    at DerivedLogger._transform (/home/hiepdh/Hiep/Node/project/timesheet-nodejs/backend/node_modules/winston/lib/winston/logger.js:305:12)
23-07-21 21:22:29 info Database cennected!!!
23-07-21 21:22:29 error uncaughtException: listen EADDRINUSE: address already in use :::5000
Error: listen EADDRINUSE: address already in use :::5000
    at Server.setupListenHandle [as _listen2] (net.js:1320:16)
    at listenInCluster (net.js:1368:12)
    at Server.listen (net.js:1454:7)
    at Function.listen (/home/hiepdh/Hiep/Node/project/timesheet-nodejs/backend/node_modules/express/lib/application.js:618:24)
    at /home/hiepdh/Hiep/Node/project/timesheet-nodejs/backend/dist/app.js:24:29
    at Application.start (/home/hiepdh/Hiep/Node/project/timesheet-nodejs/backend/dist/app.js:26:11)
    at /home/hiepdh/Hiep/Node/project/timesheet-nodejs/backend/dist/index.js:18:21
    at Generator.next (<anonymous>)
    at fulfilled (/home/hiepdh/Hiep/Node/project/timesheet-nodejs/backend/dist/index.js:5:58)
    at processTicksAndRejections (internal/process/task_queues.js:95:5)
23-07-21 21:22:29 info Database cennected!!!
23-07-21 21:22:29 error uncaughtException: listen EADDRINUSE: address already in use :::5000
Error: listen EADDRINUSE: address already in use :::5000
    at Server.setupListenHandle [as _listen2] (net.js:1320:16)
    at listenInCluster (net.js:1368:12)
    at Server.listen (net.js:1454:7)
    at Function.listen (/home/hiepdh/Hiep/Node/project/timesheet-nodejs/backend/node_modules/express/lib/application.js:618:24)
    at /home/hiepdh/Hiep/Node/project/timesheet-nodejs/backend/dist/app.js:24:29
    at Application.start (/home/hiepdh/Hiep/Node/project/timesheet-nodejs/backend/dist/app.js:26:11)
    at /home/hiepdh/Hiep/Node/project/timesheet-nodejs/backend/dist/index.js:18:21
    at Generator.next (<anonymous>)
    at fulfilled (/home/hiepdh/Hiep/Node/project/timesheet-nodejs/backend/dist/index.js:5:58)
    at processTicksAndRejections (internal/process/task_queues.js:95:5)
23-07-21 21:22:29 error EIO: i/o error, write
23-07-21 21:25:24 error uncaughtException: EIO: i/o error, write
Error: EIO: i/o error, write
    at writeSync (fs.js:733:3)
    at SyncWriteStream._write (internal/fs/sync_write_stream.js:24:3)
    at writeOrBuffer (internal/streams/writable.js:358:12)
    at SyncWriteStream.Writable.write (internal/streams/writable.js:303:10)
    at Console.log (/home/hiepdh/Hiep/Node/project/timesheet-nodejs/backend/node_modules/winston/lib/winston/transports/console.js:79:23)
    at Console._write (/home/hiepdh/Hiep/Node/project/timesheet-nodejs/backend/node_modules/winston-transport/index.js:103:17)
    at doWrite (/home/hiepdh/Hiep/Node/project/timesheet-nodejs/backend/node_modules/readable-stream/lib/_stream_writable.js:428:64)
    at writeOrBuffer (/home/hiepdh/Hiep/Node/project/timesheet-nodejs/backend/node_modules/readable-stream/lib/_stream_writable.js:417:5)
    at Console.Writable.write (/home/hiepdh/Hiep/Node/project/timesheet-nodejs/backend/node_modules/readable-stream/lib/_stream_writable.js:334:11)
    at DerivedLogger.ondata (/home/hiepdh/Hiep/Node/project/timesheet-nodejs/backend/node_modules/winston/node_modules/readable-stream/lib/_stream_readable.js:681:20)
    at DerivedLogger.emit (events.js:387:35)
    at addChunk (/home/hiepdh/Hiep/Node/project/timesheet-nodejs/backend/node_modules/winston/node_modules/readable-stream/lib/_stream_readable.js:298:12)
    at readableAddChunk (/home/hiepdh/Hiep/Node/project/timesheet-nodejs/backend/node_modules/winston/node_modules/readable-stream/lib/_stream_readable.js:280:11)
    at DerivedLogger.Readable.push (/home/hiepdh/Hiep/Node/project/timesheet-nodejs/backend/node_modules/winston/node_modules/readable-stream/lib/_stream_readable.js:241:10)
    at DerivedLogger.Transform.push (/home/hiepdh/Hiep/Node/project/timesheet-nodejs/backend/node_modules/winston/node_modules/readable-stream/lib/_stream_transform.js:139:32)
    at DerivedLogger._transform (/home/hiepdh/Hiep/Node/project/timesheet-nodejs/backend/node_modules/winston/lib/winston/logger.js:305:12)
23-07-21 21:25:24 info Database cennected!!!
23-07-21 21:25:24 error uncaughtException: listen EADDRINUSE: address already in use :::5000
Error: listen EADDRINUSE: address already in use :::5000
    at Server.setupListenHandle [as _listen2] (net.js:1320:16)
    at listenInCluster (net.js:1368:12)
    at Server.listen (net.js:1454:7)
    at Function.listen (/home/hiepdh/Hiep/Node/project/timesheet-nodejs/backend/node_modules/express/lib/application.js:618:24)
    at /home/hiepdh/Hiep/Node/project/timesheet-nodejs/backend/dist/app.js:24:29
    at Application.start (/home/hiepdh/Hiep/Node/project/timesheet-nodejs/backend/dist/app.js:26:11)
    at /home/hiepdh/Hiep/Node/project/timesheet-nodejs/backend/dist/index.js:18:21
    at Generator.next (<anonymous>)
    at fulfilled (/home/hiepdh/Hiep/Node/project/timesheet-nodejs/backend/dist/index.js:5:58)
    at processTicksAndRejections (internal/process/task_queues.js:95:5)
23-07-21 21:25:24 info Database cennected!!!
23-07-21 21:25:24 error uncaughtException: listen EADDRINUSE: address already in use :::5000
Error: listen EADDRINUSE: address already in use :::5000
    at Server.setupListenHandle [as _listen2] (net.js:1320:16)
    at listenInCluster (net.js:1368:12)
    at Server.listen (net.js:1454:7)
    at Function.listen (/home/hiepdh/Hiep/Node/project/timesheet-nodejs/backend/node_modules/express/lib/application.js:618:24)
    at /home/hiepdh/Hiep/Node/project/timesheet-nodejs/backend/dist/app.js:24:29
    at Application.start (/home/hiepdh/Hiep/Node/project/timesheet-nodejs/backend/dist/app.js:26:11)
    at /home/hiepdh/Hiep/Node/project/timesheet-nodejs/backend/dist/index.js:18:21
    at Generator.next (<anonymous>)
    at fulfilled (/home/hiepdh/Hiep/Node/project/timesheet-nodejs/backend/dist/index.js:5:58)
    at processTicksAndRejections (internal/process/task_queues.js:95:5)
23-07-21 21:25:24 error EIO: i/o error, write
23-07-21 21:28:04 info > Listening on port 5000!!
23-07-21 21:28:04 info Database cennected!!!
23-07-21 21:28:04 error uncaughtException: listen EADDRINUSE: address already in use :::5000
Error: listen EADDRINUSE: address already in use :::5000
    at Server.setupListenHandle [as _listen2] (net.js:1320:16)
    at listenInCluster (net.js:1368:12)
    at Server.listen (net.js:1454:7)
    at Function.listen (/home/hiepdh/Hiep/Node/project/timesheet-nodejs/backend/node_modules/express/lib/application.js:618:24)
    at /home/hiepdh/Hiep/Node/project/timesheet-nodejs/backend/dist/app.js:24:29
    at Application.start (/home/hiepdh/Hiep/Node/project/timesheet-nodejs/backend/dist/app.js:26:11)
    at /home/hiepdh/Hiep/Node/project/timesheet-nodejs/backend/dist/index.js:18:21
    at Generator.next (<anonymous>)
    at fulfilled (/home/hiepdh/Hiep/Node/project/timesheet-nodejs/backend/dist/index.js:5:58)
    at processTicksAndRejections (internal/process/task_queues.js:95:5)
23-07-21 21:28:04 error EIO: i/o error, write
23-07-21 21:28:04 error uncaughtException: listen EADDRINUSE: address already in use :::5000
Error: listen EADDRINUSE: address already in use :::5000
    at Server.setupListenHandle [as _listen2] (net.js:1320:16)
    at listenInCluster (net.js:1368:12)
    at Server.listen (net.js:1454:7)
    at Function.listen (/home/hiepdh/Hiep/Node/project/timesheet-nodejs/backend/node_modules/express/lib/application.js:618:24)
    at /home/hiepdh/Hiep/Node/project/timesheet-nodejs/backend/dist/app.js:24:29
    at Application.start (/home/hiepdh/Hiep/Node/project/timesheet-nodejs/backend/dist/app.js:26:11)
    at /home/hiepdh/Hiep/Node/project/timesheet-nodejs/backend/dist/index.js:18:21
    at Generator.next (<anonymous>)
    at fulfilled (/home/hiepdh/Hiep/Node/project/timesheet-nodejs/backend/dist/index.js:5:58)
    at processTicksAndRejections (internal/process/task_queues.js:95:5)
23-07-21 21:28:04 error EIO: i/o error, write
23-07-21 21:28:32 error uncaughtException: EIO: i/o error, write
Error: EIO: i/o error, write
    at writeSync (fs.js:733:3)
    at SyncWriteStream._write (internal/fs/sync_write_stream.js:24:3)
    at writeOrBuffer (internal/streams/writable.js:358:12)
    at SyncWriteStream.Writable.write (internal/streams/writable.js:303:10)
    at Console.log (/home/hiepdh/Hiep/Node/project/timesheet-nodejs/backend/node_modules/winston/lib/winston/transports/console.js:79:23)
    at Console._write (/home/hiepdh/Hiep/Node/project/timesheet-nodejs/backend/node_modules/winston-transport/index.js:103:17)
    at doWrite (/home/hiepdh/Hiep/Node/project/timesheet-nodejs/backend/node_modules/readable-stream/lib/_stream_writable.js:428:64)
    at writeOrBuffer (/home/hiepdh/Hiep/Node/project/timesheet-nodejs/backend/node_modules/readable-stream/lib/_stream_writable.js:417:5)
    at Console.Writable.write (/home/hiepdh/Hiep/Node/project/timesheet-nodejs/backend/node_modules/readable-stream/lib/_stream_writable.js:334:11)
    at DerivedLogger.ondata (/home/hiepdh/Hiep/Node/project/timesheet-nodejs/backend/node_modules/winston/node_modules/readable-stream/lib/_stream_readable.js:681:20)
    at DerivedLogger.emit (events.js:387:35)
    at addChunk (/home/hiepdh/Hiep/Node/project/timesheet-nodejs/backend/node_modules/winston/node_modules/readable-stream/lib/_stream_readable.js:298:12)
    at readableAddChunk (/home/hiepdh/Hiep/Node/project/timesheet-nodejs/backend/node_modules/winston/node_modules/readable-stream/lib/_stream_readable.js:280:11)
    at DerivedLogger.Readable.push (/home/hiepdh/Hiep/Node/project/timesheet-nodejs/backend/node_modules/winston/node_modules/readable-stream/lib/_stream_readable.js:241:10)
    at DerivedLogger.Transform.push (/home/hiepdh/Hiep/Node/project/timesheet-nodejs/backend/node_modules/winston/node_modules/readable-stream/lib/_stream_transform.js:139:32)
    at DerivedLogger._transform (/home/hiepdh/Hiep/Node/project/timesheet-nodejs/backend/node_modules/winston/lib/winston/logger.js:305:12)
23-07-21 21:28:32 error uncaughtException: listen EADDRINUSE: address already in use :::5000
Error: listen EADDRINUSE: address already in use :::5000
    at Server.setupListenHandle [as _listen2] (net.js:1320:16)
    at listenInCluster (net.js:1368:12)
    at Server.listen (net.js:1454:7)
    at Function.listen (/home/hiepdh/Hiep/Node/project/timesheet-nodejs/backend/node_modules/express/lib/application.js:618:24)
    at /home/hiepdh/Hiep/Node/project/timesheet-nodejs/backend/dist/app.js:24:29
    at Application.start (/home/hiepdh/Hiep/Node/project/timesheet-nodejs/backend/dist/app.js:26:11)
    at /home/hiepdh/Hiep/Node/project/timesheet-nodejs/backend/dist/index.js:18:21
    at Generator.next (<anonymous>)
    at fulfilled (/home/hiepdh/Hiep/Node/project/timesheet-nodejs/backend/dist/index.js:5:58)
    at processTicksAndRejections (internal/process/task_queues.js:95:5)
23-07-21 21:28:32 info Database cennected!!!
23-07-21 21:28:32 error EIO: i/o error, write
23-07-21 21:28:36 error uncaughtException: EIO: i/o error, write
Error: EIO: i/o error, write
    at writeSync (fs.js:733:3)
    at SyncWriteStream._write (internal/fs/sync_write_stream.js:24:3)
    at writeOrBuffer (internal/streams/writable.js:358:12)
    at SyncWriteStream.Writable.write (internal/streams/writable.js:303:10)
    at Console.log (/home/hiepdh/Hiep/Node/project/timesheet-nodejs/backend/node_modules/winston/lib/winston/transports/console.js:79:23)
    at Console._write (/home/hiepdh/Hiep/Node/project/timesheet-nodejs/backend/node_modules/winston-transport/index.js:103:17)
    at doWrite (/home/hiepdh/Hiep/Node/project/timesheet-nodejs/backend/node_modules/readable-stream/lib/_stream_writable.js:428:64)
    at writeOrBuffer (/home/hiepdh/Hiep/Node/project/timesheet-nodejs/backend/node_modules/readable-stream/lib/_stream_writable.js:417:5)
    at Console.Writable.write (/home/hiepdh/Hiep/Node/project/timesheet-nodejs/backend/node_modules/readable-stream/lib/_stream_writable.js:334:11)
    at DerivedLogger.ondata (/home/hiepdh/Hiep/Node/project/timesheet-nodejs/backend/node_modules/winston/node_modules/readable-stream/lib/_stream_readable.js:681:20)
    at DerivedLogger.emit (events.js:387:35)
    at addChunk (/home/hiepdh/Hiep/Node/project/timesheet-nodejs/backend/node_modules/winston/node_modules/readable-stream/lib/_stream_readable.js:298:12)
    at readableAddChunk (/home/hiepdh/Hiep/Node/project/timesheet-nodejs/backend/node_modules/winston/node_modules/readable-stream/lib/_stream_readable.js:280:11)
    at DerivedLogger.Readable.push (/home/hiepdh/Hiep/Node/project/timesheet-nodejs/backend/node_modules/winston/node_modules/readable-stream/lib/_stream_readable.js:241:10)
    at DerivedLogger.Transform.push (/home/hiepdh/Hiep/Node/project/timesheet-nodejs/backend/node_modules/winston/node_modules/readable-stream/lib/_stream_transform.js:139:32)
    at DerivedLogger._transform (/home/hiepdh/Hiep/Node/project/timesheet-nodejs/backend/node_modules/winston/lib/winston/logger.js:305:12)
23-07-21 21:28:36 error uncaughtException: listen EADDRINUSE: address already in use :::5000
Error: listen EADDRINUSE: address already in use :::5000
    at Server.setupListenHandle [as _listen2] (net.js:1320:16)
    at listenInCluster (net.js:1368:12)
    at Server.listen (net.js:1454:7)
    at Function.listen (/home/hiepdh/Hiep/Node/project/timesheet-nodejs/backend/node_modules/express/lib/application.js:618:24)
    at /home/hiepdh/Hiep/Node/project/timesheet-nodejs/backend/dist/app.js:24:29
    at Application.start (/home/hiepdh/Hiep/Node/project/timesheet-nodejs/backend/dist/app.js:26:11)
    at /home/hiepdh/Hiep/Node/project/timesheet-nodejs/backend/dist/index.js:18:21
    at Generator.next (<anonymous>)
    at fulfilled (/home/hiepdh/Hiep/Node/project/timesheet-nodejs/backend/dist/index.js:5:58)
    at processTicksAndRejections (internal/process/task_queues.js:95:5)
23-07-21 21:28:36 info Database cennected!!!
23-07-21 21:28:36 error EIO: i/o error, write
23-07-21 21:28:47 info > Listening on port 5000!!
23-07-21 21:28:47 info Database cennected!!!
23-07-21 21:28:47 error uncaughtException: listen EADDRINUSE: address already in use :::5000
Error: listen EADDRINUSE: address already in use :::5000
    at Server.setupListenHandle [as _listen2] (net.js:1320:16)
    at listenInCluster (net.js:1368:12)
    at Server.listen (net.js:1454:7)
    at Function.listen (/home/hiepdh/Hiep/Node/project/timesheet-nodejs/backend/node_modules/express/lib/application.js:618:24)
    at /home/hiepdh/Hiep/Node/project/timesheet-nodejs/backend/dist/app.js:24:29
    at Application.start (/home/hiepdh/Hiep/Node/project/timesheet-nodejs/backend/dist/app.js:26:11)
    at /home/hiepdh/Hiep/Node/project/timesheet-nodejs/backend/dist/index.js:18:21
    at Generator.next (<anonymous>)
    at fulfilled (/home/hiepdh/Hiep/Node/project/timesheet-nodejs/backend/dist/index.js:5:58)
    at processTicksAndRejections (internal/process/task_queues.js:95:5)
23-07-21 21:28:47 error EIO: i/o error, write
23-07-21 21:28:47 error uncaughtException: listen EADDRINUSE: address already in use :::5000
Error: listen EADDRINUSE: address already in use :::5000
    at Server.setupListenHandle [as _listen2] (net.js:1320:16)
    at listenInCluster (net.js:1368:12)
    at Server.listen (net.js:1454:7)
    at Function.listen (/home/hiepdh/Hiep/Node/project/timesheet-nodejs/backend/node_modules/express/lib/application.js:618:24)
    at /home/hiepdh/Hiep/Node/project/timesheet-nodejs/backend/dist/app.js:24:29
    at Application.start (/home/hiepdh/Hiep/Node/project/timesheet-nodejs/backend/dist/app.js:26:11)
    at /home/hiepdh/Hiep/Node/project/timesheet-nodejs/backend/dist/index.js:18:21
    at Generator.next (<anonymous>)
    at fulfilled (/home/hiepdh/Hiep/Node/project/timesheet-nodejs/backend/dist/index.js:5:58)
    at processTicksAndRejections (internal/process/task_queues.js:95:5)
23-07-21 21:28:47 error EIO: i/o error, write
