23-07-21 07:19:23 error The `uri` parameter to `openUri()` must be a string, got "undefined". Make sure the first parameter to `mongoose.connect()` or `mongoose.createConnection()` is a string.
23-07-21 07:25:00 error The `uri` parameter to `openUri()` must be a string, got "undefined". Make sure the first parameter to `mongoose.connect()` or `mongoose.createConnection()` is a string.
23-07-21 07:27:14 error The `uri` parameter to `openUri()` must be a string, got "undefined". Make sure the first parameter to `mongoose.connect()` or `mongoose.createConnection()` is a string.
23-07-21 07:28:28 error The `uri` parameter to `openUri()` must be a string, got "undefined". Make sure the first parameter to `mongoose.connect()` or `mongoose.createConnection()` is a string.
23-07-21 18:02:32 error connect ECONNREFUSED 127.0.0.1:27017
23-07-21 18:03:41 error connect ECONNREFUSED 127.0.0.1:27017
23-07-21 18:04:56 error Database cennected!!!
23-07-21 19:14:26 error uncaughtException: listen EADDRINUSE: address already in use :::5000
Error: listen EADDRINUSE: address already in use :::5000
    at Server.setupListenHandle [as _listen2] (net.js:1320:16)
    at listenInCluster (net.js:1368:12)
    at Server.listen (net.js:1454:7)
    at Function.listen (/home/hiepdh/Hiep/Node/project/timesheet-nodejs/backend/node_modules/express/lib/application.js:618:24)
    at /home/hiepdh/Hiep/Node/project/timesheet-nodejs/backend/dist/app.js:24:29
    at Application.start (/home/hiepdh/Hiep/Node/project/timesheet-nodejs/backend/dist/app.js:26:11)
    at /home/hiepdh/Hiep/Node/project/timesheet-nodejs/backend/dist/index.js:18:21
    at Generator.next (<anonymous>)
    at fulfilled (/home/hiepdh/Hiep/Node/project/timesheet-nodejs/backend/dist/index.js:5:58)
    at processTicksAndRejections (internal/process/task_queues.js:95:5)
23-07-21 19:16:14 error uncaughtException: listen EADDRINUSE: address already in use :::5000
Error: listen EADDRINUSE: address already in use :::5000
    at Server.setupListenHandle [as _listen2] (net.js:1320:16)
    at listenInCluster (net.js:1368:12)
    at Server.listen (net.js:1454:7)
    at Function.listen (/home/hiepdh/Hiep/Node/project/timesheet-nodejs/backend/node_modules/express/lib/application.js:618:24)
    at /home/hiepdh/Hiep/Node/project/timesheet-nodejs/backend/dist/app.js:24:29
    at Application.start (/home/hiepdh/Hiep/Node/project/timesheet-nodejs/backend/dist/app.js:26:11)
    at /home/hiepdh/Hiep/Node/project/timesheet-nodejs/backend/dist/index.js:18:21
    at Generator.next (<anonymous>)
    at fulfilled (/home/hiepdh/Hiep/Node/project/timesheet-nodejs/backend/dist/index.js:5:58)
    at processTicksAndRejections (internal/process/task_queues.js:95:5)
23-07-21 21:15:12 error uncaughtException: listen EADDRINUSE: address already in use :::5000
Error: listen EADDRINUSE: address already in use :::5000
    at Server.setupListenHandle [as _listen2] (net.js:1320:16)
    at listenInCluster (net.js:1368:12)
    at Server.listen (net.js:1454:7)
    at Function.listen (/home/hiepdh/Hiep/Node/project/timesheet-nodejs/backend/node_modules/express/lib/application.js:618:24)
    at /home/hiepdh/Hiep/Node/project/timesheet-nodejs/backend/dist/app.js:24:29
    at Application.start (/home/hiepdh/Hiep/Node/project/timesheet-nodejs/backend/dist/app.js:26:11)
    at /home/hiepdh/Hiep/Node/project/timesheet-nodejs/backend/dist/index.js:18:21
    at Generator.next (<anonymous>)
    at fulfilled (/home/hiepdh/Hiep/Node/project/timesheet-nodejs/backend/dist/index.js:5:58)
    at processTicksAndRejections (internal/process/task_queues.js:95:5)
23-07-21 21:15:56 error uncaughtException: listen EADDRINUSE: address already in use :::5000
Error: listen EADDRINUSE: address already in use :::5000
    at Server.setupListenHandle [as _listen2] (net.js:1320:16)
    at listenInCluster (net.js:1368:12)
    at Server.listen (net.js:1454:7)
    at Function.listen (/home/hiepdh/Hiep/Node/project/timesheet-nodejs/backend/node_modules/express/lib/application.js:618:24)
    at /home/hiepdh/Hiep/Node/project/timesheet-nodejs/backend/dist/app.js:24:29
    at Application.start (/home/hiepdh/Hiep/Node/project/timesheet-nodejs/backend/dist/app.js:26:11)
    at /home/hiepdh/Hiep/Node/project/timesheet-nodejs/backend/dist/index.js:18:21
    at Generator.next (<anonymous>)
    at fulfilled (/home/hiepdh/Hiep/Node/project/timesheet-nodejs/backend/dist/index.js:5:58)
    at processTicksAndRejections (internal/process/task_queues.js:95:5)
23-07-21 21:15:58 error uncaughtException: listen EADDRINUSE: address already in use :::5000
Error: listen EADDRINUSE: address already in use :::5000
    at Server.setupListenHandle [as _listen2] (net.js:1320:16)
    at listenInCluster (net.js:1368:12)
    at Server.listen (net.js:1454:7)
    at Function.listen (/home/hiepdh/Hiep/Node/project/timesheet-nodejs/backend/node_modules/express/lib/application.js:618:24)
    at /home/hiepdh/Hiep/Node/project/timesheet-nodejs/backend/dist/app.js:24:29
    at Application.start (/home/hiepdh/Hiep/Node/project/timesheet-nodejs/backend/dist/app.js:26:11)
    at /home/hiepdh/Hiep/Node/project/timesheet-nodejs/backend/dist/index.js:18:21
    at Generator.next (<anonymous>)
    at fulfilled (/home/hiepdh/Hiep/Node/project/timesheet-nodejs/backend/dist/index.js:5:58)
    at processTicksAndRejections (internal/process/task_queues.js:95:5)
23-07-21 21:16:05 error uncaughtException: listen EADDRINUSE: address already in use :::5000
Error: listen EADDRINUSE: address already in use :::5000
    at Server.setupListenHandle [as _listen2] (net.js:1320:16)
    at listenInCluster (net.js:1368:12)
    at Server.listen (net.js:1454:7)
    at Function.listen (/home/hiepdh/Hiep/Node/project/timesheet-nodejs/backend/node_modules/express/lib/application.js:618:24)
    at /home/hiepdh/Hiep/Node/project/timesheet-nodejs/backend/dist/app.js:24:29
    at Application.start (/home/hiepdh/Hiep/Node/project/timesheet-nodejs/backend/dist/app.js:26:11)
    at /home/hiepdh/Hiep/Node/project/timesheet-nodejs/backend/dist/index.js:18:21
    at Generator.next (<anonymous>)
    at fulfilled (/home/hiepdh/Hiep/Node/project/timesheet-nodejs/backend/dist/index.js:5:58)
    at processTicksAndRejections (internal/process/task_queues.js:95:5)
23-07-21 21:16:23 error uncaughtException: listen EADDRINUSE: address already in use :::5000
Error: listen EADDRINUSE: address already in use :::5000
    at Server.setupListenHandle [as _listen2] (net.js:1320:16)
    at listenInCluster (net.js:1368:12)
    at Server.listen (net.js:1454:7)
    at Function.listen (/home/hiepdh/Hiep/Node/project/timesheet-nodejs/backend/node_modules/express/lib/application.js:618:24)
    at /home/hiepdh/Hiep/Node/project/timesheet-nodejs/backend/dist/app.js:24:29
    at Application.start (/home/hiepdh/Hiep/Node/project/timesheet-nodejs/backend/dist/app.js:26:11)
    at /home/hiepdh/Hiep/Node/project/timesheet-nodejs/backend/dist/index.js:18:21
    at Generator.next (<anonymous>)
    at fulfilled (/home/hiepdh/Hiep/Node/project/timesheet-nodejs/backend/dist/index.js:5:58)
    at processTicksAndRejections (internal/process/task_queues.js:95:5)
23-07-21 21:17:17 error uncaughtException: listen EADDRINUSE: address already in use :::5000
Error: listen EADDRINUSE: address already in use :::5000
    at Server.setupListenHandle [as _listen2] (net.js:1320:16)
    at listenInCluster (net.js:1368:12)
    at Server.listen (net.js:1454:7)
    at Function.listen (/home/hiepdh/Hiep/Node/project/timesheet-nodejs/backend/node_modules/express/lib/application.js:618:24)
    at /home/hiepdh/Hiep/Node/project/timesheet-nodejs/backend/dist/app.js:24:29
    at Application.start (/home/hiepdh/Hiep/Node/project/timesheet-nodejs/backend/dist/app.js:26:11)
    at /home/hiepdh/Hiep/Node/project/timesheet-nodejs/backend/dist/index.js:18:21
    at Generator.next (<anonymous>)
    at fulfilled (/home/hiepdh/Hiep/Node/project/timesheet-nodejs/backend/dist/index.js:5:58)
    at processTicksAndRejections (internal/process/task_queues.js:95:5)
23-07-21 21:17:46 error uncaughtException: listen EADDRINUSE: address already in use :::5000
Error: listen EADDRINUSE: address already in use :::5000
    at Server.setupListenHandle [as _listen2] (net.js:1320:16)
    at listenInCluster (net.js:1368:12)
    at Server.listen (net.js:1454:7)
    at Function.listen (/home/hiepdh/Hiep/Node/project/timesheet-nodejs/backend/node_modules/express/lib/application.js:618:24)
    at /home/hiepdh/Hiep/Node/project/timesheet-nodejs/backend/dist/app.js:24:29
    at Application.start (/home/hiepdh/Hiep/Node/project/timesheet-nodejs/backend/dist/app.js:26:11)
    at /home/hiepdh/Hiep/Node/project/timesheet-nodejs/backend/dist/index.js:18:21
    at Generator.next (<anonymous>)
    at fulfilled (/home/hiepdh/Hiep/Node/project/timesheet-nodejs/backend/dist/index.js:5:58)
    at processTicksAndRejections (internal/process/task_queues.js:95:5)
23-07-21 21:18:32 error uncaughtException: listen EADDRINUSE: address already in use :::5000
Error: listen EADDRINUSE: address already in use :::5000
    at Server.setupListenHandle [as _listen2] (net.js:1320:16)
    at listenInCluster (net.js:1368:12)
    at Server.listen (net.js:1454:7)
    at Function.listen (/home/hiepdh/Hiep/Node/project/timesheet-nodejs/backend/node_modules/express/lib/application.js:618:24)
    at /home/hiepdh/Hiep/Node/project/timesheet-nodejs/backend/dist/app.js:24:29
    at Application.start (/home/hiepdh/Hiep/Node/project/timesheet-nodejs/backend/dist/app.js:26:11)
    at /home/hiepdh/Hiep/Node/project/timesheet-nodejs/backend/dist/index.js:18:21
    at Generator.next (<anonymous>)
    at fulfilled (/home/hiepdh/Hiep/Node/project/timesheet-nodejs/backend/dist/index.js:5:58)
    at processTicksAndRejections (internal/process/task_queues.js:95:5)
23-07-21 21:18:32 error uncaughtException: listen EADDRINUSE: address already in use :::5000
Error: listen EADDRINUSE: address already in use :::5000
    at Server.setupListenHandle [as _listen2] (net.js:1320:16)
    at listenInCluster (net.js:1368:12)
    at Server.listen (net.js:1454:7)
    at Function.listen (/home/hiepdh/Hiep/Node/project/timesheet-nodejs/backend/node_modules/express/lib/application.js:618:24)
    at /home/hiepdh/Hiep/Node/project/timesheet-nodejs/backend/dist/app.js:24:29
    at Application.start (/home/hiepdh/Hiep/Node/project/timesheet-nodejs/backend/dist/app.js:26:11)
    at /home/hiepdh/Hiep/Node/project/timesheet-nodejs/backend/dist/index.js:18:21
    at Generator.next (<anonymous>)
    at fulfilled (/home/hiepdh/Hiep/Node/project/timesheet-nodejs/backend/dist/index.js:5:58)
    at processTicksAndRejections (internal/process/task_queues.js:95:5)
23-07-21 21:20:18 error uncaughtException: listen EADDRINUSE: address already in use :::5000
Error: listen EADDRINUSE: address already in use :::5000
    at Server.setupListenHandle [as _listen2] (net.js:1320:16)
    at listenInCluster (net.js:1368:12)
    at Server.listen (net.js:1454:7)
    at Function.listen (/home/hiepdh/Hiep/Node/project/timesheet-nodejs/backend/node_modules/express/lib/application.js:618:24)
    at /home/hiepdh/Hiep/Node/project/timesheet-nodejs/backend/dist/app.js:24:29
    at Application.start (/home/hiepdh/Hiep/Node/project/timesheet-nodejs/backend/dist/app.js:26:11)
    at /home/hiepdh/Hiep/Node/project/timesheet-nodejs/backend/dist/index.js:18:21
    at Generator.next (<anonymous>)
    at fulfilled (/home/hiepdh/Hiep/Node/project/timesheet-nodejs/backend/dist/index.js:5:58)
    at processTicksAndRejections (internal/process/task_queues.js:95:5)
23-07-21 21:20:18 error uncaughtException: listen EADDRINUSE: address already in use :::5000
Error: listen EADDRINUSE: address already in use :::5000
    at Server.setupListenHandle [as _listen2] (net.js:1320:16)
    at listenInCluster (net.js:1368:12)
    at Server.listen (net.js:1454:7)
    at Function.listen (/home/hiepdh/Hiep/Node/project/timesheet-nodejs/backend/node_modules/express/lib/application.js:618:24)
    at /home/hiepdh/Hiep/Node/project/timesheet-nodejs/backend/dist/app.js:24:29
    at Application.start (/home/hiepdh/Hiep/Node/project/timesheet-nodejs/backend/dist/app.js:26:11)
    at /home/hiepdh/Hiep/Node/project/timesheet-nodejs/backend/dist/index.js:18:21
    at Generator.next (<anonymous>)
    at fulfilled (/home/hiepdh/Hiep/Node/project/timesheet-nodejs/backend/dist/index.js:5:58)
    at processTicksAndRejections (internal/process/task_queues.js:95:5)
23-07-21 21:20:52 error uncaughtException: listen EADDRINUSE: address already in use :::5000
Error: listen EADDRINUSE: address already in use :::5000
    at Server.setupListenHandle [as _listen2] (net.js:1320:16)
    at listenInCluster (net.js:1368:12)
    at Server.listen (net.js:1454:7)
    at Function.listen (/home/hiepdh/Hiep/Node/project/timesheet-nodejs/backend/node_modules/express/lib/application.js:618:24)
    at /home/hiepdh/Hiep/Node/project/timesheet-nodejs/backend/dist/app.js:24:29
    at Application.start (/home/hiepdh/Hiep/Node/project/timesheet-nodejs/backend/dist/app.js:26:11)
    at /home/hiepdh/Hiep/Node/project/timesheet-nodejs/backend/dist/index.js:18:21
    at Generator.next (<anonymous>)
    at fulfilled (/home/hiepdh/Hiep/Node/project/timesheet-nodejs/backend/dist/index.js:5:58)
    at processTicksAndRejections (internal/process/task_queues.js:95:5)
23-07-21 21:20:52 error uncaughtException: listen EADDRINUSE: address already in use :::5000
Error: listen EADDRINUSE: address already in use :::5000
    at Server.setupListenHandle [as _listen2] (net.js:1320:16)
    at listenInCluster (net.js:1368:12)
    at Server.listen (net.js:1454:7)
    at Function.listen (/home/hiepdh/Hiep/Node/project/timesheet-nodejs/backend/node_modules/express/lib/application.js:618:24)
    at /home/hiepdh/Hiep/Node/project/timesheet-nodejs/backend/dist/app.js:24:29
    at Application.start (/home/hiepdh/Hiep/Node/project/timesheet-nodejs/backend/dist/app.js:26:11)
    at /home/hiepdh/Hiep/Node/project/timesheet-nodejs/backend/dist/index.js:18:21
    at Generator.next (<anonymous>)
    at fulfilled (/home/hiepdh/Hiep/Node/project/timesheet-nodejs/backend/dist/index.js:5:58)
    at processTicksAndRejections (internal/process/task_queues.js:95:5)
23-07-21 21:22:29 error uncaughtException: EIO: i/o error, write
Error: EIO: i/o error, write
    at writeSync (fs.js:733:3)
    at SyncWriteStream._write (internal/fs/sync_write_stream.js:24:3)
    at writeOrBuffer (internal/streams/writable.js:358:12)
    at SyncWriteStream.Writable.write (internal/streams/writable.js:303:10)
    at Console.log (/home/hiepdh/Hiep/Node/project/timesheet-nodejs/backend/node_modules/winston/lib/winston/transports/console.js:79:23)
    at Console._write (/home/hiepdh/Hiep/Node/project/timesheet-nodejs/backend/node_modules/winston-transport/index.js:103:17)
    at doWrite (/home/hiepdh/Hiep/Node/project/timesheet-nodejs/backend/node_modules/readable-stream/lib/_stream_writable.js:428:64)
    at writeOrBuffer (/home/hiepdh/Hiep/Node/project/timesheet-nodejs/backend/node_modules/readable-stream/lib/_stream_writable.js:417:5)
    at Console.Writable.write (/home/hiepdh/Hiep/Node/project/timesheet-nodejs/backend/node_modules/readable-stream/lib/_stream_writable.js:334:11)
    at DerivedLogger.ondata (/home/hiepdh/Hiep/Node/project/timesheet-nodejs/backend/node_modules/winston/node_modules/readable-stream/lib/_stream_readable.js:681:20)
    at DerivedLogger.emit (events.js:387:35)
    at addChunk (/home/hiepdh/Hiep/Node/project/timesheet-nodejs/backend/node_modules/winston/node_modules/readable-stream/lib/_stream_readable.js:298:12)
    at readableAddChunk (/home/hiepdh/Hiep/Node/project/timesheet-nodejs/backend/node_modules/winston/node_modules/readable-stream/lib/_stream_readable.js:280:11)
    at DerivedLogger.Readable.push (/home/hiepdh/Hiep/Node/project/timesheet-nodejs/backend/node_modules/winston/node_modules/readable-stream/lib/_stream_readable.js:241:10)
    at DerivedLogger.Transform.push (/home/hiepdh/Hiep/Node/project/timesheet-nodejs/backend/node_modules/winston/node_modules/readable-stream/lib/_stream_transform.js:139:32)
    at DerivedLogger._transform (/home/hiepdh/Hiep/Node/project/timesheet-nodejs/backend/node_modules/winston/lib/winston/logger.js:305:12)
23-07-21 21:22:29 error uncaughtException: listen EADDRINUSE: address already in use :::5000
Error: listen EADDRINUSE: address already in use :::5000
    at Server.setupListenHandle [as _listen2] (net.js:1320:16)
    at listenInCluster (net.js:1368:12)
    at Server.listen (net.js:1454:7)
    at Function.listen (/home/hiepdh/Hiep/Node/project/timesheet-nodejs/backend/node_modules/express/lib/application.js:618:24)
    at /home/hiepdh/Hiep/Node/project/timesheet-nodejs/backend/dist/app.js:24:29
    at Application.start (/home/hiepdh/Hiep/Node/project/timesheet-nodejs/backend/dist/app.js:26:11)
    at /home/hiepdh/Hiep/Node/project/timesheet-nodejs/backend/dist/index.js:18:21
    at Generator.next (<anonymous>)
    at fulfilled (/home/hiepdh/Hiep/Node/project/timesheet-nodejs/backend/dist/index.js:5:58)
    at processTicksAndRejections (internal/process/task_queues.js:95:5)
23-07-21 21:22:29 error uncaughtException: listen EADDRINUSE: address already in use :::5000
Error: listen EADDRINUSE: address already in use :::5000
    at Server.setupListenHandle [as _listen2] (net.js:1320:16)
    at listenInCluster (net.js:1368:12)
    at Server.listen (net.js:1454:7)
    at Function.listen (/home/hiepdh/Hiep/Node/project/timesheet-nodejs/backend/node_modules/express/lib/application.js:618:24)
    at /home/hiepdh/Hiep/Node/project/timesheet-nodejs/backend/dist/app.js:24:29
    at Application.start (/home/hiepdh/Hiep/Node/project/timesheet-nodejs/backend/dist/app.js:26:11)
    at /home/hiepdh/Hiep/Node/project/timesheet-nodejs/backend/dist/index.js:18:21
    at Generator.next (<anonymous>)
    at fulfilled (/home/hiepdh/Hiep/Node/project/timesheet-nodejs/backend/dist/index.js:5:58)
    at processTicksAndRejections (internal/process/task_queues.js:95:5)
23-07-21 21:22:29 error EIO: i/o error, write
23-07-21 21:25:24 error uncaughtException: EIO: i/o error, write
Error: EIO: i/o error, write
    at writeSync (fs.js:733:3)
    at SyncWriteStream._write (internal/fs/sync_write_stream.js:24:3)
    at writeOrBuffer (internal/streams/writable.js:358:12)
    at SyncWriteStream.Writable.write (internal/streams/writable.js:303:10)
    at Console.log (/home/hiepdh/Hiep/Node/project/timesheet-nodejs/backend/node_modules/winston/lib/winston/transports/console.js:79:23)
    at Console._write (/home/hiepdh/Hiep/Node/project/timesheet-nodejs/backend/node_modules/winston-transport/index.js:103:17)
    at doWrite (/home/hiepdh/Hiep/Node/project/timesheet-nodejs/backend/node_modules/readable-stream/lib/_stream_writable.js:428:64)
    at writeOrBuffer (/home/hiepdh/Hiep/Node/project/timesheet-nodejs/backend/node_modules/readable-stream/lib/_stream_writable.js:417:5)
    at Console.Writable.write (/home/hiepdh/Hiep/Node/project/timesheet-nodejs/backend/node_modules/readable-stream/lib/_stream_writable.js:334:11)
    at DerivedLogger.ondata (/home/hiepdh/Hiep/Node/project/timesheet-nodejs/backend/node_modules/winston/node_modules/readable-stream/lib/_stream_readable.js:681:20)
    at DerivedLogger.emit (events.js:387:35)
    at addChunk (/home/hiepdh/Hiep/Node/project/timesheet-nodejs/backend/node_modules/winston/node_modules/readable-stream/lib/_stream_readable.js:298:12)
    at readableAddChunk (/home/hiepdh/Hiep/Node/project/timesheet-nodejs/backend/node_modules/winston/node_modules/readable-stream/lib/_stream_readable.js:280:11)
    at DerivedLogger.Readable.push (/home/hiepdh/Hiep/Node/project/timesheet-nodejs/backend/node_modules/winston/node_modules/readable-stream/lib/_stream_readable.js:241:10)
    at DerivedLogger.Transform.push (/home/hiepdh/Hiep/Node/project/timesheet-nodejs/backend/node_modules/winston/node_modules/readable-stream/lib/_stream_transform.js:139:32)
    at DerivedLogger._transform (/home/hiepdh/Hiep/Node/project/timesheet-nodejs/backend/node_modules/winston/lib/winston/logger.js:305:12)
23-07-21 21:25:24 error uncaughtException: listen EADDRINUSE: address already in use :::5000
Error: listen EADDRINUSE: address already in use :::5000
    at Server.setupListenHandle [as _listen2] (net.js:1320:16)
    at listenInCluster (net.js:1368:12)
    at Server.listen (net.js:1454:7)
    at Function.listen (/home/hiepdh/Hiep/Node/project/timesheet-nodejs/backend/node_modules/express/lib/application.js:618:24)
    at /home/hiepdh/Hiep/Node/project/timesheet-nodejs/backend/dist/app.js:24:29
    at Application.start (/home/hiepdh/Hiep/Node/project/timesheet-nodejs/backend/dist/app.js:26:11)
    at /home/hiepdh/Hiep/Node/project/timesheet-nodejs/backend/dist/index.js:18:21
    at Generator.next (<anonymous>)
    at fulfilled (/home/hiepdh/Hiep/Node/project/timesheet-nodejs/backend/dist/index.js:5:58)
    at processTicksAndRejections (internal/process/task_queues.js:95:5)
23-07-21 21:25:24 error uncaughtException: listen EADDRINUSE: address already in use :::5000
Error: listen EADDRINUSE: address already in use :::5000
    at Server.setupListenHandle [as _listen2] (net.js:1320:16)
    at listenInCluster (net.js:1368:12)
    at Server.listen (net.js:1454:7)
    at Function.listen (/home/hiepdh/Hiep/Node/project/timesheet-nodejs/backend/node_modules/express/lib/application.js:618:24)
    at /home/hiepdh/Hiep/Node/project/timesheet-nodejs/backend/dist/app.js:24:29
    at Application.start (/home/hiepdh/Hiep/Node/project/timesheet-nodejs/backend/dist/app.js:26:11)
    at /home/hiepdh/Hiep/Node/project/timesheet-nodejs/backend/dist/index.js:18:21
    at Generator.next (<anonymous>)
    at fulfilled (/home/hiepdh/Hiep/Node/project/timesheet-nodejs/backend/dist/index.js:5:58)
    at processTicksAndRejections (internal/process/task_queues.js:95:5)
23-07-21 21:25:24 error EIO: i/o error, write
23-07-21 21:28:04 error uncaughtException: listen EADDRINUSE: address already in use :::5000
Error: listen EADDRINUSE: address already in use :::5000
    at Server.setupListenHandle [as _listen2] (net.js:1320:16)
    at listenInCluster (net.js:1368:12)
    at Server.listen (net.js:1454:7)
    at Function.listen (/home/hiepdh/Hiep/Node/project/timesheet-nodejs/backend/node_modules/express/lib/application.js:618:24)
    at /home/hiepdh/Hiep/Node/project/timesheet-nodejs/backend/dist/app.js:24:29
    at Application.start (/home/hiepdh/Hiep/Node/project/timesheet-nodejs/backend/dist/app.js:26:11)
    at /home/hiepdh/Hiep/Node/project/timesheet-nodejs/backend/dist/index.js:18:21
    at Generator.next (<anonymous>)
    at fulfilled (/home/hiepdh/Hiep/Node/project/timesheet-nodejs/backend/dist/index.js:5:58)
    at processTicksAndRejections (internal/process/task_queues.js:95:5)
23-07-21 21:28:04 error EIO: i/o error, write
23-07-21 21:28:04 error uncaughtException: listen EADDRINUSE: address already in use :::5000
Error: listen EADDRINUSE: address already in use :::5000
    at Server.setupListenHandle [as _listen2] (net.js:1320:16)
    at listenInCluster (net.js:1368:12)
    at Server.listen (net.js:1454:7)
    at Function.listen (/home/hiepdh/Hiep/Node/project/timesheet-nodejs/backend/node_modules/express/lib/application.js:618:24)
    at /home/hiepdh/Hiep/Node/project/timesheet-nodejs/backend/dist/app.js:24:29
    at Application.start (/home/hiepdh/Hiep/Node/project/timesheet-nodejs/backend/dist/app.js:26:11)
    at /home/hiepdh/Hiep/Node/project/timesheet-nodejs/backend/dist/index.js:18:21
    at Generator.next (<anonymous>)
    at fulfilled (/home/hiepdh/Hiep/Node/project/timesheet-nodejs/backend/dist/index.js:5:58)
    at processTicksAndRejections (internal/process/task_queues.js:95:5)
23-07-21 21:28:04 error EIO: i/o error, write
23-07-21 21:28:32 error uncaughtException: EIO: i/o error, write
Error: EIO: i/o error, write
    at writeSync (fs.js:733:3)
    at SyncWriteStream._write (internal/fs/sync_write_stream.js:24:3)
    at writeOrBuffer (internal/streams/writable.js:358:12)
    at SyncWriteStream.Writable.write (internal/streams/writable.js:303:10)
    at Console.log (/home/hiepdh/Hiep/Node/project/timesheet-nodejs/backend/node_modules/winston/lib/winston/transports/console.js:79:23)
    at Console._write (/home/hiepdh/Hiep/Node/project/timesheet-nodejs/backend/node_modules/winston-transport/index.js:103:17)
    at doWrite (/home/hiepdh/Hiep/Node/project/timesheet-nodejs/backend/node_modules/readable-stream/lib/_stream_writable.js:428:64)
    at writeOrBuffer (/home/hiepdh/Hiep/Node/project/timesheet-nodejs/backend/node_modules/readable-stream/lib/_stream_writable.js:417:5)
    at Console.Writable.write (/home/hiepdh/Hiep/Node/project/timesheet-nodejs/backend/node_modules/readable-stream/lib/_stream_writable.js:334:11)
    at DerivedLogger.ondata (/home/hiepdh/Hiep/Node/project/timesheet-nodejs/backend/node_modules/winston/node_modules/readable-stream/lib/_stream_readable.js:681:20)
    at DerivedLogger.emit (events.js:387:35)
    at addChunk (/home/hiepdh/Hiep/Node/project/timesheet-nodejs/backend/node_modules/winston/node_modules/readable-stream/lib/_stream_readable.js:298:12)
    at readableAddChunk (/home/hiepdh/Hiep/Node/project/timesheet-nodejs/backend/node_modules/winston/node_modules/readable-stream/lib/_stream_readable.js:280:11)
    at DerivedLogger.Readable.push (/home/hiepdh/Hiep/Node/project/timesheet-nodejs/backend/node_modules/winston/node_modules/readable-stream/lib/_stream_readable.js:241:10)
    at DerivedLogger.Transform.push (/home/hiepdh/Hiep/Node/project/timesheet-nodejs/backend/node_modules/winston/node_modules/readable-stream/lib/_stream_transform.js:139:32)
    at DerivedLogger._transform (/home/hiepdh/Hiep/Node/project/timesheet-nodejs/backend/node_modules/winston/lib/winston/logger.js:305:12)
23-07-21 21:28:32 error uncaughtException: listen EADDRINUSE: address already in use :::5000
Error: listen EADDRINUSE: address already in use :::5000
    at Server.setupListenHandle [as _listen2] (net.js:1320:16)
    at listenInCluster (net.js:1368:12)
    at Server.listen (net.js:1454:7)
    at Function.listen (/home/hiepdh/Hiep/Node/project/timesheet-nodejs/backend/node_modules/express/lib/application.js:618:24)
    at /home/hiepdh/Hiep/Node/project/timesheet-nodejs/backend/dist/app.js:24:29
    at Application.start (/home/hiepdh/Hiep/Node/project/timesheet-nodejs/backend/dist/app.js:26:11)
    at /home/hiepdh/Hiep/Node/project/timesheet-nodejs/backend/dist/index.js:18:21
    at Generator.next (<anonymous>)
    at fulfilled (/home/hiepdh/Hiep/Node/project/timesheet-nodejs/backend/dist/index.js:5:58)
    at processTicksAndRejections (internal/process/task_queues.js:95:5)
23-07-21 21:28:32 error EIO: i/o error, write
23-07-21 21:28:36 error uncaughtException: EIO: i/o error, write
Error: EIO: i/o error, write
    at writeSync (fs.js:733:3)
    at SyncWriteStream._write (internal/fs/sync_write_stream.js:24:3)
    at writeOrBuffer (internal/streams/writable.js:358:12)
    at SyncWriteStream.Writable.write (internal/streams/writable.js:303:10)
    at Console.log (/home/hiepdh/Hiep/Node/project/timesheet-nodejs/backend/node_modules/winston/lib/winston/transports/console.js:79:23)
    at Console._write (/home/hiepdh/Hiep/Node/project/timesheet-nodejs/backend/node_modules/winston-transport/index.js:103:17)
    at doWrite (/home/hiepdh/Hiep/Node/project/timesheet-nodejs/backend/node_modules/readable-stream/lib/_stream_writable.js:428:64)
    at writeOrBuffer (/home/hiepdh/Hiep/Node/project/timesheet-nodejs/backend/node_modules/readable-stream/lib/_stream_writable.js:417:5)
    at Console.Writable.write (/home/hiepdh/Hiep/Node/project/timesheet-nodejs/backend/node_modules/readable-stream/lib/_stream_writable.js:334:11)
    at DerivedLogger.ondata (/home/hiepdh/Hiep/Node/project/timesheet-nodejs/backend/node_modules/winston/node_modules/readable-stream/lib/_stream_readable.js:681:20)
    at DerivedLogger.emit (events.js:387:35)
    at addChunk (/home/hiepdh/Hiep/Node/project/timesheet-nodejs/backend/node_modules/winston/node_modules/readable-stream/lib/_stream_readable.js:298:12)
    at readableAddChunk (/home/hiepdh/Hiep/Node/project/timesheet-nodejs/backend/node_modules/winston/node_modules/readable-stream/lib/_stream_readable.js:280:11)
    at DerivedLogger.Readable.push (/home/hiepdh/Hiep/Node/project/timesheet-nodejs/backend/node_modules/winston/node_modules/readable-stream/lib/_stream_readable.js:241:10)
    at DerivedLogger.Transform.push (/home/hiepdh/Hiep/Node/project/timesheet-nodejs/backend/node_modules/winston/node_modules/readable-stream/lib/_stream_transform.js:139:32)
    at DerivedLogger._transform (/home/hiepdh/Hiep/Node/project/timesheet-nodejs/backend/node_modules/winston/lib/winston/logger.js:305:12)
23-07-21 21:28:36 error uncaughtException: listen EADDRINUSE: address already in use :::5000
Error: listen EADDRINUSE: address already in use :::5000
    at Server.setupListenHandle [as _listen2] (net.js:1320:16)
    at listenInCluster (net.js:1368:12)
    at Server.listen (net.js:1454:7)
    at Function.listen (/home/hiepdh/Hiep/Node/project/timesheet-nodejs/backend/node_modules/express/lib/application.js:618:24)
    at /home/hiepdh/Hiep/Node/project/timesheet-nodejs/backend/dist/app.js:24:29
    at Application.start (/home/hiepdh/Hiep/Node/project/timesheet-nodejs/backend/dist/app.js:26:11)
    at /home/hiepdh/Hiep/Node/project/timesheet-nodejs/backend/dist/index.js:18:21
    at Generator.next (<anonymous>)
    at fulfilled (/home/hiepdh/Hiep/Node/project/timesheet-nodejs/backend/dist/index.js:5:58)
    at processTicksAndRejections (internal/process/task_queues.js:95:5)
23-07-21 21:28:36 error EIO: i/o error, write
23-07-21 21:28:47 error uncaughtException: listen EADDRINUSE: address already in use :::5000
Error: listen EADDRINUSE: address already in use :::5000
    at Server.setupListenHandle [as _listen2] (net.js:1320:16)
    at listenInCluster (net.js:1368:12)
    at Server.listen (net.js:1454:7)
    at Function.listen (/home/hiepdh/Hiep/Node/project/timesheet-nodejs/backend/node_modules/express/lib/application.js:618:24)
    at /home/hiepdh/Hiep/Node/project/timesheet-nodejs/backend/dist/app.js:24:29
    at Application.start (/home/hiepdh/Hiep/Node/project/timesheet-nodejs/backend/dist/app.js:26:11)
    at /home/hiepdh/Hiep/Node/project/timesheet-nodejs/backend/dist/index.js:18:21
    at Generator.next (<anonymous>)
    at fulfilled (/home/hiepdh/Hiep/Node/project/timesheet-nodejs/backend/dist/index.js:5:58)
    at processTicksAndRejections (internal/process/task_queues.js:95:5)
23-07-21 21:28:47 error EIO: i/o error, write
23-07-21 21:28:47 error uncaughtException: listen EADDRINUSE: address already in use :::5000
Error: listen EADDRINUSE: address already in use :::5000
    at Server.setupListenHandle [as _listen2] (net.js:1320:16)
    at listenInCluster (net.js:1368:12)
    at Server.listen (net.js:1454:7)
    at Function.listen (/home/hiepdh/Hiep/Node/project/timesheet-nodejs/backend/node_modules/express/lib/application.js:618:24)
    at /home/hiepdh/Hiep/Node/project/timesheet-nodejs/backend/dist/app.js:24:29
    at Application.start (/home/hiepdh/Hiep/Node/project/timesheet-nodejs/backend/dist/app.js:26:11)
    at /home/hiepdh/Hiep/Node/project/timesheet-nodejs/backend/dist/index.js:18:21
    at Generator.next (<anonymous>)
    at fulfilled (/home/hiepdh/Hiep/Node/project/timesheet-nodejs/backend/dist/index.js:5:58)
    at processTicksAndRejections (internal/process/task_queues.js:95:5)
23-07-21 21:28:47 error EIO: i/o error, write
